<?xml version="1.0" encoding="UTF-8"?>
<testsuite name="examplefuncsplayer.RobotPlayerTest" tests="1" skipped="0" failures="0" errors="0" timestamp="2017-01-10T06:51:18" hostname="elibaum-mbp.local" time="0.001">
  <properties/>
  <testcase name="testSanity" classname="examplefuncsplayer.RobotPlayerTest" time="0.001"/>
  <system-out><![CDATA[]]></system-out>
  <system-err><![CDATA[]]></system-err>
</testsuite>
